======8901 plko
631 0 36 0
647 0 78 0
174 67 82 0
604 0 82 0
634 0 82 0
642 0 82 0
652 0 82 0
682 0 82 0
510 1 97 0
584 0 156 0
598 0 156 0
669 0 156 0
377 26 225 0
693 0 253 0
632 0 275 0
614 0 295 0
606 0 301 0
625 0 317 0
646 0 317 0
590 0 341 0
614 0 342 0
647 0 354 0
608 0 357 0
624 0 357 0
627 0 357 0
259 3 403 0
584 0 404 0
598 0 404 0
669 0 404 0
611 0 447 0
268 31 468 0
639 0 478 0
30 2 510 0
594 0 510 0
105 3 523 0
238 0 529 0
238 1 541 0
617 0 545 0
238 2 553 0
238 3 565 0
574 0 571 0
603 0 571 0
610 0 585 0
238 5 589 0
238 6 601 0
238 7 613 0
238 8 625 0
611 0 642 0
238 10 649 0
493 1 655 0
238 12 672 0
238 13 684 0
238 14 696 0
238 15 708 0
174 67 736 0
604 0 736 0
634 0 736 0
642 0 736 0
652 0 736 0
682 0 736 0
619 0 740 0
649 0 740 0
674 0 740 0
238 18 744 0
238 19 756 0
238 20 768 0
238 21 780 0
238 22 792 0
626 0 812 0
238 24 816 0
238 25 828 0
626 0 836 0
238 26 840 0
238 27 852 0
696 0 858 0
238 28 864 0
174 67 867 0
604 0 867 0
634 0 867 0
642 0 867 0
652 0 867 0
682 0 867 0
238 29 876 0
238 30 888 0
238 31 900 0
625 0 902 0
646 0 902 0
238 32 912 0
605 0 913 0
510 1 917 0
238 33 924 0
238 34 936 0
238 35 948 0
632 0 949 0
238 36 960 0
238 37 972 0
608 0 977 0
624 0 977 0
627 0 977 0
238 38 984 0
614 0 984 0
600 0 994 0
238 39 996 0
238 40 1008 0
238 41 1020 0
238 42 1033 0
445 1 1035 0
104 3 1037 0
238 43 1045 0
238 44 1057 0
574 0 1069 0
603 0 1069 0
354 26 1072 0
444 1 1073 0
600 0 1078 0
238 46 1082 0
238 48 1105 0
238 49 1117 0
602 0 1127 0
632 0 1148 0
606 0 1154 0
659 0 1178 0
575 0 1185 0
643 0 1185 0
648 0 1214 0
672 0 1214 0
190 56 1217 0
681 0 1217 0
596 0 1221 0
622 0 1236 0
98 0 1239 0
132 0 1239 0
132 1 1243 8
102 1 1249 0
98 1 1251 0
152 0 1256 0
152 1 1268 0
152 2 1280 0
596 0 1287 0
142 2 1288 0
152 3 1292 0
152 4 1297 7
56 0 1309 0
184 0 1309 0
56 1 1321 0
184 1 1321 0
351 20 1327 0
596 0 1328 0
142 2 1329 0
56 2 1333 0
184 2 1333 0
673 0 1342 0
56 3 1345 0
184 3 1345 0
56 4 1357 0
184 4 1357 0
56 5 1369 0
184 5 1369 0
582 0 1372 0
690 0 1372 0
56 6 1381 0
184 6 1381 0
640 0 1386 0
56 7 1393 0
184 7 1393 0
691 0 1394 0
56 8 1405 0
184 8 1405 0
600 0 1415 0
56 9 1417 0
184 9 1417 0
56 10 1429 0
184 10 1429 0
56 11 1441 0
184 11 1441 0
56 12 1453 0
184 12 1453 0
56 13 1465 0
184 13 1465 0
56 14 1477 0
184 14 1477 0
56 15 1478 11
184 15 1478 11
668 0 1522 0
382 9 1563 0
380 1 1564 0
382 10 1575 0
380 2 1576 0
668 0 1578 0
382 11 1587 0
380 3 1588 0
200 59 1588 0
204 59 1588 0
107 40 1596 0
382 12 1599 0
380 4 1600 0
382 13 1611 0
587 0 1611 0
380 5 1612 0
382 14 1623 0
380 6 1624 0
29 70 1625 0
382 15 1635 0
380 7 1636 0
147 25 1639 0
382 16 1647 0
380 8 1648 0
452 0 1652 0
382 17 1659 0
380 9 1660 0
452 1 1664 0
382 18 1671 0
380 10 1672 0
473 1 1698 0
262 0 1701 0
310 14 1702 0
312 4 1702 0
351 16 1702 0
310 13 1711 0
312 3 1711 0
351 15 1711 0
262 0 1722 0
310 14 1723 0
312 4 1723 0
351 16 1723 0
310 13 1732 0
312 3 1732 0
351 15 1732 0
262 1 1734 0
310 15 1735 0
312 5 1735 0
351 17 1735 0
262 2 1746 0
310 16 1747 0
312 6 1747 0
351 18 1747 0
262 3 1758 0
310 17 1759 0
312 7 1759 0
618 0 1763 0
653 0 1763 0
366 59 1767 0
262 4 1770 0
310 18 1771 0
312 8 1771 0
262 5 1782 0
310 19 1783 0
312 9 1783 0
572 0 1784 0
313 5 1793 0
262 6 1794 0
310 20 1795 0
312 10 1795 0
572 1 1796 0
262 6 1800 0
310 21 1807 0
312 11 1807 0
573 0 1807 0
310 22 1812 7
312 12 1819 0
312 13 1831 0
312 14 1843 0
262 6 1852 0
696 0 1853 0
593 0 1856 0
319 0 1878 0
420 1 1879 0
679 0 1879 0
319 1 1890 0
614 0 1898 0
295 0 1906 0
626 0 1908 0
295 1 1911 7
236 8 1913 0
160 1 1915 0
459 0 1915 0
236 9 1925 0
160 2 1927 0
459 1 1927 0
548 1 1933 0
236 10 1937 0
160 3 1939 0
3 60 1945 0
236 11 1949 0
160 4 1951 0
236 12 1961 0
160 5 1963 0
236 13 1973 0
160 6 1975 0
236 14 1985 0
160 7 1987 0
648 0 1990 0
672 0 1990 0
236 15 1997 0
160 8 1999 0
236 16 2009 0
262 6 2009 0
160 9 2011 0
607 0 2020 0
671 0 2020 0
236 17 2021 0
160 10 2023 0
236 18 2033 0
160 11 2035 0
631 0 2040 0
236 19 2045 0
160 12 2047 0
160 13 2052 7
190 56 2071 0
681 0 2071 0
264 0 2081 0
264 1 2093 0
264 2 2105 0
450 1 2115 0
508 1 2115 0
264 3 2117 0
264 4 2129 0
632 0 2135 0
264 5 2141 0
632 0 2143 0
348 19 2150 0
349 19 2150 0
264 6 2153 0
264 7 2165 0
510 1 2176 0
264 8 2177 0
264 9 2189 0
651 0 2189 0
655 0 2189 0
264 10 2201 0
376 26 2204 0
421 1 2210 0
477 1 2211 0
501 1 2211 0
264 11 2213 0
264 12 2225 0
264 13 2237 0
264 14 2249 0
151 7 2249 0
264 15 2261 0
60 2 2273 0
264 17 2285 0
264 18 2297 0
191 56 2301 0
264 19 2309 0
264 20 2321 0
264 21 2333 0
264 22 2345 0
264 23 2357 0
264 24 2369 0
143 2 2369 0
264 25 2381 0
668 0 2420 0
587 0 2477 0
589 0 2488 0
695 0 2500 0
0 8 2502 0
252 0 2559 0
384 2 2562 0
252 1 2571 0
421 1 2571 0
274 0 2580 0
252 2 2583 0
274 1 2592 0
252 3 2595 0
367 59 2595 0
274 2 2597 7
612 0 2597 0
13 119 2606 0
252 4 2607 0
315 1 2617 0
252 5 2619 0
695 0 2630 0
186 0 2650 0
186 1 2662 0
446 1 2663 0
186 2 2674 0
186 3 2686 0
186 4 2698 0
186 5 2710 0
186 6 2722 0
186 7 2734 0
186 8 2746 0
186 9 2758 0
585 0 2765 0
599 0 2765 0
186 10 2770 0
186 11 2782 0
186 12 2794 0
647 0 2799 0
186 13 2806 0
691 0 2812 0
186 14 2818 0
186 15 2830 0
580 0 2834 0
186 16 2842 0
9 1 2845 0
11 1 2845 0
186 17 2854 0
622 0 2857 0
186 18 2866 0
186 19 2878 0
521 1 2880 0
602 0 2896 0
186 21 2902 0
186 22 2914 0
609 0 2916 0
186 23 2926 0
186 24 2938 0
186 25 2950 0
677 0 2954 0
186 26 2962 0
186 27 2974 0
151 7 2981 0
186 28 2986 0
186 29 2998 0
186 30 3010 0
186 31 3022 0
186 32 3034 0
623 0 3044 0
186 33 3046 0
81 2 3049 0
186 34 3058 0
607 0 3065 0
671 0 3065 0
186 35 3070 0
186 36 3082 0
186 37 3094 0
186 38 3106 0
186 39 3118 0
60 2 3127 0
186 40 3130 0
186 41 3142 0
186 42 3154 0
469 1 3156 0
186 43 3166 0
450 1 3174 0
508 1 3174 0
186 44 3178 0
186 45 3190 0
190 56 3191 0
681 0 3191 0
186 46 3202 0
580 0 3207 0
631 0 3212 0
186 47 3214 0
0 8 3221 0
186 48 3226 0
186 49 3238 0
186 50 3250 0
591 0 3261 0
186 51 3262 0
186 52 3274 0
210 26 3283 0
186 53 3286 0
186 54 3298 0
186 55 3310 0
186 56 3322 0
186 57 3334 0
477 1 3342 0
501 1 3342 0
186 58 3346 0
186 59 3358 0
510 1 3367 0
186 60 3370 0
186 61 3382 0
186 62 3394 0
186 63 3406 0
186 64 3418 0
186 65 3430 0
186 66 3442 0
520 1 3451 0
186 67 3454 0
186 68 3466 0
351 20 3469 0
186 69 3478 0
186 70 3490 0
186 71 3502 0
201 59 3524 0
205 59 3524 0
622 0 3549 0
83 23 3553 0
338 49 3557 0
339 49 3557 0
511 1 3558 0
622 0 3568 0
612 0 3605 0
270 0 3665 0
269 8 3677 0
270 1 3677 0
691 0 3680 0
270 2 3689 0
270 3 3701 0
270 4 3713 0
270 5 3725 0
290 37 3725 0
150 7 3728 0
270 6 3737 0
647 0 3740 0
270 7 3749 0
270 8 3761 0
270 9 3773 0
270 10 3785 0
270 11 3797 0
270 12 3809 0
213 7 3821 0
207 39 3827 0
445 1 3829 0
270 14 3833 0
270 15 3845 0
270 16 3857 0
270 17 3869 0
190 56 3869 0
681 0 3869 0
270 18 3881 0
270 19 3893 0
270 20 3905 0
269 25 3907 0
270 21 3917 0
270 22 3929 0
270 23 3941 0
105 3 3943 0
270 24 3953 0
269 29 3955 0
688 0 3957 0
270 25 3965 0
269 30 3967 0
270 26 3977 0
269 31 3979 0
647 0 3985 0
609 0 3988 0
270 27 3989 0
366 59 3994 0
270 28 4001 0
269 33 4003 0
585 0 4011 0
599 0 4011 0
270 29 4013 0
270 30 4025 0
270 31 4037 0
270 32 4049 0
678 0 4060 0
270 33 4061 0
632 0 4081 0
270 35 4085 0
270 36 4097 0
270 37 4109 0
270 38 4121 0
270 39 4133 0
269 43 4140 0
270 40 4145 0
270 41 4157 0
172 1 4163 0
270 42 4169 0
492 1 4173 0
269 46 4176 0
270 43 4181 0
269 47 4188 0
270 44 4193 0
269 48 4200 0
270 45 4205 0
270 46 4217 0
691 0 4219 0
270 47 4229 0
270 48 4241 0
269 52 4248 0
270 49 4253 0
269 53 4260 0
270 50 4265 0
492 1 4269 0
270 51 4277 0
151 7 4291 0
175 67 4309 0
661 0 4325 0
665 0 4325 0
319 1 4366 0
606 0 4412 0
269 64 4429 0
632 0 4451 0
368 84 4461 0
368 85 4473 0
368 86 4485 0
626 0 4486 0
338 49 4493 0
339 49 4493 0
591 0 4496 0
368 87 4497 0
265 25 4497 0
648 0 4503 0
672 0 4503 0
368 88 4509 0
368 89 4521 0
303 2 4529 0
368 90 4533 0
591 0 4555 0
330 0 4593 0
330 1 4605 0
330 2 4617 0
334 3 4630 0
460 0 4636 0
370 1 4638 0
334 4 4642 0
460 1 4648 0
296 0 4657 0
30 0 4667 0
296 1 4669 0
614 0 4686 0
316 0 4692 0
462 1 4703 0
316 1 4704 0
264 25 4710 0
376 26 4729 0
640 0 4730 0
308 22 4741 0
308 23 4753 0
308 24 4765 0
308 25 4777 0
308 26 4789 0
660 0 4793 0
308 27 4801 0
308 28 4813 0
662 0 4824 0
694 0 4824 0
308 29 4825 0
308 30 4837 0
308 31 4849 0
607 0 4853 0
671 0 4853 0
308 32 4861 0
308 33 4873 0
308 34 4885 0
261 32 4888 0
520 1 4892 0
308 35 4897 0
150 7 4904 0
308 37 4922 0
308 38 4934 0
308 39 4946 0
56 0 4965 0
184 0 4965 0
56 1 4977 0
184 1 4977 0
351 20 4983 0
596 0 4984 0
142 2 4985 0
56 2 4989 0
184 2 4989 0
673 0 4998 0
56 3 5001 0
184 3 5001 0
56 4 5013 0
184 4 5013 0
56 5 5025 0
184 5 5025 0
582 0 5028 0
690 0 5028 0
56 6 5037 0
184 6 5037 0
640 0 5042 0
56 7 5049 0
184 7 5049 0
691 0 5050 0
56 8 5061 0
184 8 5061 0
600 0 5071 0
56 9 5073 0
184 9 5073 0
56 10 5085 0
184 10 5085 0
56 11 5097 0
184 11 5097 0
56 12 5109 0
184 12 5109 0
56 13 5121 0
184 13 5121 0
56 14 5133 0
184 14 5133 0
56 15 5134 11
184 15 5134 11
174 67 5148 0
604 0 5148 0
634 0 5148 0
642 0 5148 0
652 0 5148 0
682 0 5148 0
673 0 5189 0
614 0 5222 0
468 1 5250 0
58 0 5256 0
58 1 5268 0
587 0 5268 0
58 2 5280 0
58 3 5292 0
463 1 5298 0
206 0 5301 0
206 1 5313 0
0 8 5320 0
206 2 5325 0
658 0 5342 0
206 4 5351 0
586 0 5355 0
206 5 5363 0
269 45 5368 0
206 6 5375 0
378 17 5381 0
146 25 5386 0
206 7 5387 0
206 8 5399 0
206 9 5411 0
206 10 5423 0
206 11 5435 0
206 12 5447 0
206 13 5459 0
190 56 5470 0
681 0 5470 0
206 14 5471 0
576 0 5472 0
206 15 5483 0
206 16 5495 0
206 17 5507 0
206 18 5519 0
206 19 5531 0
146 25 5536 0
206 20 5543 0
206 21 5555 0
206 22 5567 0
206 23 5579 0
206 24 5591 0
640 0 5598 0
206 25 5603 0
206 26 5615 0
206 27 5627 0
350 20 5647 0
657 0 5654 0
608 0 5655 0
624 0 5655 0
627 0 5655 0
650 0 5658 0
644 0 5696 0
146 25 5714 0
146 25 5720 0
348 0 5810 0
143 2 5817 0
329 47 5822 0
348 1 5822 0
348 2 5834 0
348 3 5846 0
348 4 5858 0
348 5 5870 0
348 6 5882 0
348 7 5894 0
348 8 5906 0
348 9 5918 0
348 10 5930 0
348 11 5942 0
350 20 5951 0
348 12 5954 0
348 13 5966 0
348 14 5978 0
348 15 5990 0
348 16 6002 0
348 17 6014 0
232 44 6022 0
348 18 6026 0
348 19 6038 0
349 19 6038 0
511 1 6070 0
477 1 6113 0
501 1 6113 0
414 35 6180 0
376 26 6181 0
640 0 6182 0
315 1 6257 0
233 44 6284 0
146 25 6307 0
62 1 6311 0
61 2 6340 0
420 1 6373 0
679 0 6373 0
8 1 6403 0
351 20 6494 0
358 52 6495 0
621 0 6529 0
355 26 6547 0
689 0 6547 0
699 0 6547 0
657 0 6552 0
608 0 6553 0
624 0 6553 0
627 0 6553 0
446 1 6578 0
326 2 6579 0
326 3 6591 0
249 87 6600 0
326 4 6603 0
326 5 6615 0
326 7 6639 0
591 0 6639 0
331 2 6650 0
326 8 6651 0
464 1 6651 0
326 9 6663 0
326 10 6675 0
66 8 6682 0
69 8 6682 0
326 11 6687 0
326 12 6699 0
326 13 6711 0
622 0 6719 0
326 14 6723 0
330 2 6727 0
622 0 6732 0
326 15 6735 0
550 0 6741 0
326 16 6747 0
654 0 6747 0
105 3 6753 0
550 1 6753 0
326 17 6759 0
326 18 6771 0
301 7 6787 0
326 20 6795 0
326 21 6800 7
684 0 6815 0
583 0 6816 0
331 2 6826 0
315 1 6828 0
660 0 6848 0
695 0 6857 0
668 0 6877 0
13 119 6905 0
589 0 6928 0
330 2 6935 0
83 61 7024 0
143 2 7041 0
348 19 7058 0
349 19 7058 0
511 1 7071 0
386 3 7074 0
648 0 7107 0
672 0 7107 0
462 1 7118 0
338 49 7145 0
339 49 7145 0
233 44 7155 0
507 1 7155 0
586 0 7207 0
414 35 7237 0
376 26 7238 0
640 0 7239 0
612 0 7245 0
253 38 7266 0
661 0 7295 0
665 0 7295 0
648 0 7305 0
672 0 7305 0
445 1 7332 0
80 1 7352 0
168 1 7352 0
265 25 7362 0
695 0 7372 0
8 1 7401 0
615 0 7426 0
662 0 7450 0
694 0 7450 0
143 2 7524 0
586 0 7561 0
644 0 7566 0
80 2 7592 0
2 60 7648 0
338 49 7649 0
339 49 7649 0
511 1 7650 0
338 49 7669 0
339 49 7669 0
511 1 7670 0
579 0 7701 0
587 0 7751 0
350 20 7786 0
612 0 7794 0
445 1 7805 0
421 1 7808 0
587 0 7815 0
621 0 7854 0
2 60 7923 0
338 49 7924 0
339 49 7924 0
591 0 7927 0
622 0 7962 0
586 0 7966 0
622 0 7975 0
622 0 8007 0
477 1 8013 0
501 1 8013 0
445 1 8018 0
421 1 8021 0
579 0 8028 0
384 2 8040 0
668 0 8053 0
0 8 8076 0
591 0 8077 0
640 0 8087 0
587 0 8161 0
291 37 8167 0
338 49 8204 0
339 49 8204 0
511 1 8205 0
697 0 8207 0
622 0 8208 0
477 1 8210 0
501 1 8210 0
695 0 8232 0
0 8 8234 0
612 0 8251 0
446 1 8376 0
220 45 8396 0
10 1 8402 0
31 2 8441 0
147 25 8462 0
10 1 8465 0
521 1 8491 0
586 0 8511 0
245 58 8537 0
622 0 8538 0
315 1 8540 0
659 0 8558 0
662 0 8560 0
694 0 8560 0
482 1 8569 0
13 119 8577 0
580 0 8580 0
214 28 8587 0
695 0 8602 0
587 0 8616 0
622 0 8656 0
477 1 8658 0
501 1 8658 0
588 0 8691 0
628 0 8691 0
355 26 8702 0
689 0 8702 0
699 0 8702 0
622 0 8733 0
98 0 8736 0
132 0 8736 0
132 1 8740 8
576 0 8781 0
462 1 8808 0
586 0 8836 0
587 0 8843 0
350 20 8866 0
358 52 8873 0
626 0 8883 0
619 0 8886 0
649 0 8886 0
674 0 8886 0
355 26 8892 0
689 0 8892 0
699 0 8892 0
444 1 8893 0
631 0 8937 0
647 0 8979 0
174 67 8983 0
604 0 8983 0
634 0 8983 0
642 0 8983 0
652 0 8983 0
682 0 8983 0
510 1 8998 0
584 0 9057 0
598 0 9057 0
669 0 9057 0
377 26 9126 0
693 0 9154 0
632 0 9176 0
614 0 9196 0
606 0 9202 0
625 0 9218 0
646 0 9218 0
590 0 9242 0
614 0 9243 0
647 0 9255 0
608 0 9258 0
624 0 9258 0
627 0 9258 0
259 3 9304 0
584 0 9305 0
598 0 9305 0
669 0 9305 0
611 0 9348 0
268 31 9369 0
639 0 9379 0
30 2 9411 0
594 0 9411 0
105 3 9424 0
238 0 9430 0
238 1 9442 0
617 0 9446 0
238 2 9454 0
238 3 9466 0
574 0 9472 0
603 0 9472 0
610 0 9486 0
238 5 9490 0
238 6 9502 0
238 7 9514 0
238 8 9526 0
611 0 9543 0
238 10 9550 0
493 1 9556 0
238 12 9573 0
238 13 9585 0
238 14 9597 0
238 15 9609 0
174 67 9637 0
604 0 9637 0
634 0 9637 0
642 0 9637 0
652 0 9637 0
682 0 9637 0
619 0 9641 0
649 0 9641 0
674 0 9641 0
238 18 9645 0
238 19 9657 0
238 20 9669 0
238 21 9681 0
238 22 9693 0
626 0 9713 0
238 24 9717 0
238 25 9729 0
626 0 9737 0
238 26 9741 0
238 27 9753 0
696 0 9759 0
238 28 9765 0
174 67 9768 0
604 0 9768 0
634 0 9768 0
642 0 9768 0
652 0 9768 0
682 0 9768 0
238 29 9777 0
238 30 9789 0
238 31 9801 0
625 0 9803 0
646 0 9803 0
238 32 9813 0
605 0 9814 0
510 1 9818 0
238 33 9825 0
238 34 9837 0
238 35 9849 0
632 0 9850 0
238 36 9861 0
238 37 9873 0
608 0 9878 0
624 0 9878 0
627 0 9878 0
238 38 9885 0
614 0 9885 0
600 0 9895 0
238 39 9897 0
238 40 9909 0
238 41 9921 0
238 42 9934 0
445 1 9936 0
104 3 9938 0
238 43 9946 0
238 44 9958 0
574 0 9970 0
603 0 9970 0
354 26 9973 0
444 1 9974 0
600 0 9979 0
238 46 9983 0
238 48 10006 0
238 49 10018 0
602 0 10028 0
632 0 10049 0
606 0 10055 0
659 0 10079 0
575 0 10086 0
643 0 10086 0
648 0 10115 0
672 0 10115 0
190 56 10118 0
681 0 10118 0
596 0 10122 0
622 0 10137 0
98 0 10140 0
132 0 10140 0
132 1 10144 8
102 1 10150 0
98 1 10152 0
152 0 10157 0
152 1 10169 0
152 2 10181 0
596 0 10188 0
142 2 10189 0
152 3 10193 0
152 4 10198 7
56 0 10210 0
184 0 10210 0
56 1 10222 0
184 1 10222 0
351 20 10228 0
596 0 10229 0
142 2 10230 0
56 2 10234 0
184 2 10234 0
673 0 10243 0
56 3 10246 0
184 3 10246 0
56 4 10258 0
184 4 10258 0
56 5 10270 0
184 5 10270 0
582 0 10273 0
690 0 10273 0
56 6 10282 0
184 6 10282 0
640 0 10287 0
56 7 10294 0
184 7 10294 0
691 0 10295 0
56 8 10306 0
184 8 10306 0
600 0 10316 0
56 9 10318 0
184 9 10318 0
56 10 10330 0
184 10 10330 0
56 11 10342 0
184 11 10342 0
56 12 10354 0
184 12 10354 0
56 13 10366 0
184 13 10366 0
56 14 10378 0
184 14 10378 0
56 15 10379 11
184 15 10379 11
668 0 10423 0
382 9 10464 0
380 1 10465 0
382 10 10476 0
380 2 10477 0
668 0 10479 0
382 11 10488 0
380 3 10489 0
200 59 10489 0
204 59 10489 0
107 40 10497 0
382 12 10500 0
380 4 10501 0
382 13 10512 0
587 0 10512 0
380 5 10513 0
382 14 10524 0
380 6 10525 0
29 70 10526 0
382 15 10536 0
380 7 10537 0
147 25 10540 0
382 16 10548 0
380 8 10549 0
452 0 10553 0
382 17 10560 0
380 9 10561 0
452 1 10565 0
382 18 10572 0
380 10 10573 0
473 1 10599 0
262 0 10602 0
310 14 10603 0
312 4 10603 0
351 16 10603 0
310 13 10612 0
312 3 10612 0
351 15 10612 0
262 0 10623 0
310 14 10624 0
312 4 10624 0
351 16 10624 0
310 13 10633 0
312 3 10633 0
351 15 10633 0
262 1 10635 0
310 15 10636 0
312 5 10636 0
351 17 10636 0
262 2 10647 0
310 16 10648 0
312 6 10648 0
351 18 10648 0
262 3 10659 0
310 17 10660 0
312 7 10660 0
618 0 10664 0
653 0 10664 0
366 59 10668 0
262 4 10671 0
310 18 10672 0
312 8 10672 0
262 5 10683 0
310 19 10684 0
312 9 10684 0
572 0 10685 0
313 5 10694 0
262 6 10695 0
310 20 10696 0
312 10 10696 0
572 1 10697 0
262 6 10701 0
310 21 10708 0
312 11 10708 0
573 0 10708 0
310 22 10713 7
312 12 10720 0
312 13 10732 0
312 14 10744 0
262 6 10753 0
696 0 10754 0
593 0 10757 0
319 0 10779 0
420 1 10780 0
679 0 10780 0
319 1 10791 0
614 0 10799 0
295 0 10807 0
626 0 10809 0
295 1 10812 7
236 8 10814 0
160 1 10816 0
459 0 10816 0
236 9 10826 0
160 2 10828 0
459 1 10828 0
548 1 10834 0
236 10 10838 0
160 3 10840 0
3 60 10846 0
236 11 10850 0
160 4 10852 0
236 12 10862 0
160 5 10864 0
236 13 10874 0
160 6 10876 0
236 14 10886 0
160 7 10888 0
648 0 10891 0
672 0 10891 0
236 15 10898 0
160 8 10900 0
236 16 10910 0
262 6 10910 0
160 9 10912 0
607 0 10921 0
671 0 10921 0
236 17 10922 0
160 10 10924 0
236 18 10934 0
160 11 10936 0
631 0 10941 0
236 19 10946 0
160 12 10948 0
160 13 10953 7
190 56 10972 0
681 0 10972 0
264 0 10982 0
264 1 10994 0
264 2 11006 0
450 1 11016 0
508 1 11016 0
264 3 11018 0
264 4 11030 0
632 0 11036 0
264 5 11042 0
632 0 11044 0
348 19 11051 0
349 19 11051 0
264 6 11054 0
264 7 11066 0
510 1 11077 0
264 8 11078 0
264 9 11090 0
651 0 11090 0
655 0 11090 0
264 10 11102 0
376 26 11105 0
421 1 11111 0
477 1 11112 0
501 1 11112 0
264 11 11114 0
264 12 11126 0
264 13 11138 0
264 14 11150 0
151 7 11150 0
264 15 11162 0
60 2 11174 0
264 17 11186 0
264 18 11198 0
191 56 11202 0
264 19 11210 0
264 20 11222 0
264 21 11234 0
264 22 11246 0
264 23 11258 0
264 24 11270 0
143 2 11270 0
264 25 11282 0
668 0 11321 0
587 0 11378 0
589 0 11389 0
695 0 11401 0
0 8 11403 0
252 0 11460 0
384 2 11463 0
252 1 11472 0
421 1 11472 0
274 0 11481 0
252 2 11484 0
274 1 11493 0
252 3 11496 0
367 59 11496 0
274 2 11498 7
612 0 11498 0
13 119 11507 0
252 4 11508 0
315 1 11518 0
252 5 11520 0
695 0 11531 0
186 0 11551 0
186 1 11563 0
446 1 11564 0
186 2 11575 0
186 3 11587 0
186 4 11599 0
186 5 11611 0
186 6 11623 0
186 7 11635 0
186 8 11647 0
186 9 11659 0
585 0 11666 0
599 0 11666 0
186 10 11671 0
186 11 11683 0
186 12 11695 0
647 0 11700 0
186 13 11707 0
691 0 11713 0
186 14 11719 0
186 15 11731 0
580 0 11735 0
186 16 11743 0
9 1 11746 0
11 1 11746 0
186 17 11755 0
622 0 11758 0
186 18 11767 0
186 19 11779 0
521 1 11781 0
602 0 11797 0
186 21 11803 0
186 22 11815 0
609 0 11817 0
186 23 11827 0
186 24 11839 0
186 25 11851 0
677 0 11855 0
186 26 11863 0
186 27 11875 0
151 7 11882 0
186 28 11887 0
186 29 11899 0
186 30 11911 0
186 31 11923 0
186 32 11935 0
623 0 11945 0
186 33 11947 0
81 2 11950 0
186 34 11959 0
607 0 11966 0
671 0 11966 0
186 35 11971 0
186 36 11983 0
186 37 11995 0
186 38 12007 0
186 39 12019 0
60 2 12028 0
186 40 12031 0
186 41 12043 0
186 42 12055 0
469 1 12057 0
186 43 12067 0
450 1 12075 0
508 1 12075 0
186 44 12079 0
186 45 12091 0
190 56 12092 0
681 0 12092 0
186 46 12103 0
580 0 12108 0
631 0 12113 0
186 47 12115 0
0 8 12122 0
186 48 12127 0
186 49 12139 0
186 50 12151 0
591 0 12162 0
186 51 12163 0
186 52 12175 0
210 26 12184 0
186 53 12187 0
186 54 12199 0
186 55 12211 0
186 56 12223 0
186 57 12235 0
477 1 12243 0
501 1 12243 0
186 58 12247 0
186 59 12259 0
510 1 12268 0
186 60 12271 0
186 61 12283 0
186 62 12295 0
186 63 12307 0
186 64 12319 0
186 65 12331 0
186 66 12343 0
520 1 12352 0
186 67 12355 0
186 68 12367 0
351 20 12370 0
186 69 12379 0
186 70 12391 0
186 71 12403 0
201 59 12425 0
205 59 12425 0
622 0 12450 0
83 23 12454 0
338 49 12458 0
339 49 12458 0
511 1 12459 0
622 0 12469 0
612 0 12506 0
270 0 12566 0
269 8 12578 0
270 1 12578 0
691 0 12581 0
270 2 12590 0
270 3 12602 0
270 4 12614 0
270 5 12626 0
290 37 12626 0
150 7 12629 0
270 6 12638 0
647 0 12641 0
270 7 12650 0
270 8 12662 0
270 9 12674 0
270 10 12686 0
270 11 12698 0
270 12 12710 0
213 7 12722 0
207 39 12728 0
445 1 12730 0
270 14 12734 0
270 15 12746 0
270 16 12758 0
270 17 12770 0
190 56 12770 0
681 0 12770 0
270 18 12782 0
270 19 12794 0
270 20 12806 0
269 25 12808 0
270 21 12818 0
270 22 12830 0
270 23 12842 0
105 3 12844 0
270 24 12854 0
269 29 12856 0
688 0 12858 0
270 25 12866 0
269 30 12868 0
270 26 12878 0
269 31 12880 0
647 0 12886 0
609 0 12889 0
270 27 12890 0
366 59 12895 0
270 28 12902 0
269 33 12904 0
585 0 12912 0
599 0 12912 0
270 29 12914 0
270 30 12926 0
270 31 12938 0
270 32 12950 0
678 0 12961 0
270 33 12962 0
632 0 12982 0
270 35 12986 0
270 36 12998 0
270 37 13010 0
270 38 13022 0
270 39 13034 0
269 43 13041 0
270 40 13046 0
270 41 13058 0
172 1 13064 0
270 42 13070 0
492 1 13074 0
269 46 13077 0
270 43 13082 0
269 47 13089 0
270 44 13094 0
269 48 13101 0
270 45 13106 0
270 46 13118 0
691 0 13120 0
270 47 13130 0
270 48 13142 0
269 52 13149 0
270 49 13154 0
269 53 13161 0
270 50 13166 0
492 1 13170 0
270 51 13178 0
151 7 13192 0
175 67 13210 0
661 0 13226 0
665 0 13226 0
319 1 13267 0
606 0 13313 0
269 64 13330 0
632 0 13352 0
368 84 13362 0
368 85 13374 0
368 86 13386 0
626 0 13387 0
338 49 13394 0
339 49 13394 0
591 0 13397 0
368 87 13398 0
265 25 13398 0
648 0 13404 0
672 0 13404 0
368 88 13410 0
368 89 13422 0
303 2 13430 0
368 90 13434 0
591 0 13456 0
330 0 13494 0
330 1 13506 0
330 2 13518 0
334 3 13531 0
460 0 13537 0
370 1 13539 0
334 4 13543 0
460 1 13549 0
296 0 13558 0
30 0 13568 0
296 1 13570 0
614 0 13587 0
316 0 13593 0
462 1 13604 0
316 1 13605 0
264 25 13611 0
376 26 13630 0
640 0 13631 0
308 22 13642 0
308 23 13654 0
308 24 13666 0
308 25 13678 0
308 26 13690 0
660 0 13694 0
308 27 13702 0
308 28 13714 0
662 0 13725 0
694 0 13725 0
308 29 13726 0
308 30 13738 0
308 31 13750 0
607 0 13754 0
671 0 13754 0
308 32 13762 0
308 33 13774 0
308 34 13786 0
261 32 13789 0
520 1 13793 0
308 35 13798 0
150 7 13805 0
308 37 13823 0
308 38 13835 0
308 39 13847 0
56 0 13866 0
184 0 13866 0
56 1 13878 0
184 1 13878 0
351 20 13884 0
596 0 13885 0
142 2 13886 0
56 2 13890 0
184 2 13890 0
673 0 13899 0
56 3 13902 0
184 3 13902 0
56 4 13914 0
184 4 13914 0
56 5 13926 0
184 5 13926 0
582 0 13929 0
690 0 13929 0
56 6 13938 0
184 6 13938 0
640 0 13943 0
56 7 13950 0
184 7 13950 0
691 0 13951 0
56 8 13962 0
184 8 13962 0
600 0 13972 0
56 9 13974 0
184 9 13974 0
56 10 13986 0
184 10 13986 0
56 11 13998 0
184 11 13998 0
56 12 14010 0
184 12 14010 0
56 13 14022 0
184 13 14022 0
56 14 14034 0
184 14 14034 0
56 15 14035 11
184 15 14035 11
174 67 14049 0
604 0 14049 0
634 0 14049 0
642 0 14049 0
652 0 14049 0
682 0 14049 0
673 0 14090 0
614 0 14123 0
468 1 14151 0
58 0 14157 0
58 1 14169 0
587 0 14169 0
58 2 14181 0
58 3 14193 0
463 1 14199 0
206 0 14202 0
206 1 14214 0
0 8 14221 0
206 2 14226 0
658 0 14243 0
206 4 14252 0
586 0 14256 0
206 5 14264 0
269 45 14269 0
206 6 14276 0
378 17 14282 0
146 25 14287 0
206 7 14288 0
206 8 14300 0
206 9 14312 0
206 10 14324 0
206 11 14336 0
206 12 14348 0
206 13 14360 0
190 56 14371 0
681 0 14371 0
206 14 14372 0
576 0 14373 0
206 15 14384 0
206 16 14396 0
206 17 14408 0
206 18 14420 0
206 19 14432 0
146 25 14437 0
206 20 14444 0
206 21 14456 0
206 22 14468 0
206 23 14480 0
206 24 14492 0
640 0 14499 0
206 25 14504 0
206 26 14516 0
206 27 14528 0
350 20 14548 0
657 0 14555 0
608 0 14556 0
624 0 14556 0
627 0 14556 0
650 0 14559 0
644 0 14597 0
146 25 14615 0
146 25 14621 0
348 0 14711 0
143 2 14718 0
329 47 14723 0
348 1 14723 0
348 2 14735 0
348 3 14747 0
348 4 14759 0
348 5 14771 0
348 6 14783 0
348 7 14795 0
348 8 14807 0
348 9 14819 0
348 10 14831 0
348 11 14843 0
350 20 14852 0
348 12 14855 0
348 13 14867 0
348 14 14879 0
348 15 14891 0
348 16 14903 0
348 17 14915 0
232 44 14923 0
348 18 14927 0
348 19 14939 0
349 19 14939 0
511 1 14971 0
477 1 15014 0
501 1 15014 0
414 35 15081 0
376 26 15082 0
640 0 15083 0
315 1 15158 0
233 44 15185 0
146 25 15208 0
62 1 15212 0
61 2 15241 0
420 1 15274 0
679 0 15274 0
8 1 15304 0
351 20 15395 0
358 52 15396 0
621 0 15430 0
355 26 15448 0
689 0 15448 0
699 0 15448 0
657 0 15453 0
608 0 15454 0
624 0 15454 0
627 0 15454 0
446 1 15479 0
326 2 15480 0
326 3 15492 0
249 87 15501 0
326 4 15504 0
326 5 15516 0
326 7 15540 0
591 0 15540 0
331 2 15551 0
326 8 15552 0
464 1 15552 0
326 9 15564 0
326 10 15576 0
66 8 15583 0
69 8 15583 0
326 11 15588 0
326 12 15600 0
326 13 15612 0
622 0 15620 0
326 14 15624 0
330 2 15628 0
622 0 15633 0
326 15 15636 0
550 0 15642 0
326 16 15648 0
654 0 15648 0
105 3 15654 0
550 1 15654 0
326 17 15660 0
326 18 15672 0
301 7 15688 0
326 20 15696 0
326 21 15701 7
684 0 15716 0
583 0 15717 0
331 2 15727 0
315 1 15729 0
660 0 15749 0
695 0 15758 0
668 0 15778 0
13 119 15806 0
589 0 15829 0
330 2 15836 0
83 61 15925 0
143 2 15942 0
348 19 15959 0
349 19 15959 0
511 1 15972 0
386 3 15975 0
648 0 16008 0
672 0 16008 0
462 1 16019 0
338 49 16046 0
339 49 16046 0
233 44 16056 0
507 1 16056 0
586 0 16108 0
414 35 16138 0
376 26 16139 0
640 0 16140 0
612 0 16146 0
253 38 16167 0
661 0 16196 0
665 0 16196 0
648 0 16206 0
672 0 16206 0
445 1 16233 0
80 1 16253 0
168 1 16253 0
265 25 16263 0
695 0 16273 0
8 1 16302 0
615 0 16327 0
662 0 16351 0
694 0 16351 0
143 2 16425 0
586 0 16462 0
644 0 16467 0
80 2 16493 0
2 60 16549 0
338 49 16550 0
339 49 16550 0
511 1 16551 0
338 49 16570 0
339 49 16570 0
511 1 16571 0
579 0 16602 0
587 0 16652 0
350 20 16687 0
612 0 16695 0
445 1 16706 0
421 1 16709 0
587 0 16716 0
621 0 16755 0
2 60 16824 0
338 49 16825 0
339 49 16825 0
591 0 16828 0
622 0 16863 0
586 0 16867 0
622 0 16876 0
622 0 16908 0
477 1 16914 0
501 1 16914 0
445 1 16919 0
421 1 16922 0
579 0 16929 0
384 2 16941 0
668 0 16954 0
0 8 16977 0
591 0 16978 0
640 0 16988 0
587 0 17062 0
291 37 17068 0
338 49 17105 0
339 49 17105 0
511 1 17106 0
697 0 17108 0
622 0 17109 0
477 1 17111 0
501 1 17111 0
695 0 17133 0
0 8 17135 0
612 0 17152 0
446 1 17277 0
220 45 17297 0
10 1 17303 0
31 2 17342 0
147 25 17363 0
10 1 17366 0
521 1 17392 0
586 0 17412 0
245 58 17438 0
622 0 17439 0
315 1 17441 0
659 0 17459 0
662 0 17461 0
694 0 17461 0
482 1 17470 0
13 119 17478 0
580 0 17481 0
214 28 17488 0
695 0 17503 0
587 0 17517 0
622 0 17557 0
477 1 17559 0
501 1 17559 0
588 0 17592 0
628 0 17592 0
355 26 17603 0
689 0 17603 0
699 0 17603 0
622 0 17634 0
98 0 17637 0
132 0 17637 0
132 1 17641 8
576 0 17682 0
462 1 17709 0
586 0 17737 0
587 0 17744 0
350 20 17767 0
358 52 17774 0
626 0 17784 0
619 0 17787 0
649 0 17787 0
674 0 17787 0
